c:\users\patri\documents\projects\tic-tac-toe\tic-tac-toe\tic-tac-toe\x64\debug\vc143.pdb
c:\users\patri\documents\projects\tic-tac-toe\tic-tac-toe\tic-tac-toe\x64\debug\.netframework,version=v4.7.2.assemblyattributes.obj
c:\users\patri\documents\projects\tic-tac-toe\tic-tac-toe\tic-tac-toe\x64\debug\player.obj
c:\users\patri\documents\projects\tic-tac-toe\tic-tac-toe\tic-tac-toe\x64\debug\mygame.obj
c:\users\patri\documents\projects\tic-tac-toe\tic-tac-toe\tic-tac-toe\x64\debug\game.obj
c:\users\patri\documents\projects\tic-tac-toe\tic-tac-toe\x64\debug\tic-tac-toe.exe
c:\users\patri\documents\projects\tic-tac-toe\tic-tac-toe\x64\debug\tic-tac-toe.pdb
c:\users\patri\documents\projects\tic-tac-toe\tic-tac-toe\tic-tac-toe\x64\debug\tic-tac-toe.tlog\cl.command.1.tlog
c:\users\patri\documents\projects\tic-tac-toe\tic-tac-toe\tic-tac-toe\x64\debug\tic-tac-toe.tlog\cl.items.tlog
c:\users\patri\documents\projects\tic-tac-toe\tic-tac-toe\tic-tac-toe\x64\debug\tic-tac-toe.tlog\cl.read.1.tlog
c:\users\patri\documents\projects\tic-tac-toe\tic-tac-toe\tic-tac-toe\x64\debug\tic-tac-toe.tlog\cl.write.1.tlog
c:\users\patri\documents\projects\tic-tac-toe\tic-tac-toe\tic-tac-toe\x64\debug\tic-tac-toe.tlog\link.command.1.tlog
c:\users\patri\documents\projects\tic-tac-toe\tic-tac-toe\tic-tac-toe\x64\debug\tic-tac-toe.tlog\link.read.1.tlog
c:\users\patri\documents\projects\tic-tac-toe\tic-tac-toe\tic-tac-toe\x64\debug\tic-tac-toe.tlog\link.secondary.1.tlog
c:\users\patri\documents\projects\tic-tac-toe\tic-tac-toe\tic-tac-toe\x64\debug\tic-tac-toe.tlog\link.write.1.tlog
c:\users\patri\documents\projects\tic-tac-toe\tic-tac-toe\tic-tac-toe\x64\debug\tic-tac-toe.tlog\metagen.read.1.tlog
c:\users\patri\documents\projects\tic-tac-toe\tic-tac-toe\tic-tac-toe\x64\debug\tic-tac-toe.tlog\metagen.write.1.tlog
c:\users\patri\documents\projects\tic-tac-toe\tic-tac-toe\tic-tac-toe\x64\debug\tic-tac-toe.tlog\resgen.command.1.tlog
c:\users\patri\documents\projects\tic-tac-toe\tic-tac-toe\tic-tac-toe\x64\debug\tic-tac-toe.tlog\resgen.read.1.tlog
c:\users\patri\documents\projects\tic-tac-toe\tic-tac-toe\tic-tac-toe\x64\debug\tic-tac-toe.tlog\resgen.write.1.tlog
